<?xml version="1.0" encoding="UTF-8" ?>
<testsuite tests="1" failures="0" name="org.example.maven_jenkins.AppTest" time="0.003" errors="0" skipped="0">
  <properties>
    <property name="PROCESSOR_ARCHITECTURE" value="AMD64"/>
    <property name="file.encoding.pkg" value="sun.io"/>
    <property name="LOGONSERVER" value="\\EXINDCSRV"/>
    <property name="ProgramData" value="C:\ProgramData"/>
    <property name="java.home" value="C:\Program Files\Java\jdk1.8.0_172\jre"/>
    <property name="NODE_NAME" value="master"/>
    <property name="JENKINS_URL" value="http://localhost:8080/"/>
    <property name="ALLUSERSPROFILE" value="C:\ProgramData"/>
    <property name="java.endorsed.dirs" value="C:\Program Files\Java\jdk1.8.0_172\jre\lib\endorsed"/>
    <property name="PSModulePath" value="C:\WINDOWS\system32\WindowsPowerShell\v1.0\Modules\"/>
    <property name="=::" value="::\"/>
    <property name="USERDOMAIN" value="ALLFON"/>
    <property name="sun.os.patch.level" value=""/>
    <property name="java.vendor.url" value="http://java.oracle.com/"/>
    <property name="CommonProgramFiles(x86)" value="C:\Program Files (x86)\Common Files"/>
    <property name="java.version" value="1.8.0_172"/>
    <property name="JOB_NAME" value="jenkins1"/>
    <property name="COMPUTERNAME" value="EXIND3010-87"/>
    <property name="COMPOSE_CONVERT_WINDOWS_PATHS" value="true"/>
    <property name="java.vendor.url.bug" value="http://bugreport.sun.com/bugreport/"/>
    <property name="PUBLIC" value="C:\Users\Public"/>
    <property name="user.name" value="Sriharish.S"/>
    <property name="DellClientSystemUpdatePath" value="C:\Program Files (x86)\Dell\ClientSystemUpdate\"/>
    <property name="sun.io.unicode.encoding" value="UnicodeLittle"/>
    <property name="sun.jnu.encoding" value="Cp1252"/>
    <property name="java.runtime.name" value="Java(TM) SE Runtime Environment"/>
    <property name="windir" value="C:\WINDOWS"/>
    <property name="PROCESSOR_IDENTIFIER" value="Intel64 Family 6 Model 58 Stepping 9, GenuineIntel"/>
    <property name="java.specification.name" value="Java Platform API Specification"/>
    <property name="LOCALAPPDATA" value="C:\Users\Sriharish.S\AppData\Local"/>
    <property name="RUN_CHANGES_DISPLAY_URL" value="http://localhost:8080/job/jenkins1/1/display/redirect?page=changes"/>
    <property name="user.timezone" value="Asia/Calcutta"/>
    <property name="user.script" value=""/>
    <property name="path.separator" value=";"/>
    <property name="NUMBER_OF_PROCESSORS" value="4"/>
    <property name="BUILD_TAG" value="jenkins-jenkins1-1"/>
    <property name="file.encoding" value="Cp1252"/>
    <property name="sun.java.command" value="jenkins.maven3.agent.Maven35Main C:\Users\Sriharish.S\Downloads\apache-maven-3.8.6 C:\Users\Sriharish.S\.jenkins\war\WEB-INF\lib\remoting-4.7.jar C:\Users\Sriharish.S\.jenkins\plugins\maven-plugin\WEB-INF\lib\maven35-interceptor-1.13.jar C:\Users\Sriharish.S\.jenkins\plugins\maven-plugin\WEB-INF\lib\maven3-interceptor-commons-1.13.jar 57279"/>
    <property name="HUDSON_URL" value="http://localhost:8080/"/>
    <property name="JENKINS_SERVER_COOKIE" value="7d8bb0c305923f65"/>
    <property name="EXECUTOR_NUMBER" value="1"/>
    <property name="Path" value="C:\Program Files\Java\jdk1.8.0_172/bin;C:\Program Files (x86)\Common Files\Oracle\Java\javapath;C:\ProgramData\Oracle\Java\javapath;C:\Program Files (x86)\Intel\iCLS Client\;C:\Program Files\Intel\iCLS Client\;C:\WINDOWS\system32;C:\WINDOWS;C:\WINDOWS\System32\Wbem;C:\WINDOWS\System32\WindowsPowerShell\v1.0\;C:\Program Files\Intel\Intel(R) Management Engine Components\DAL;C:\Program Files\Intel\Intel(R) Management Engine Components\IPT;C:\Program Files (x86)\Intel\Intel(R) Management Engine Components\DAL;C:\Program Files (x86)\Intel\Intel(R) Management Engine Components\IPT;C:\Program Files (x86)\Windows Live\Shared;C:\Program Files\TortoiseSVN\bin;C:\Program Files\Git\cmd;C:\Program Files (x86)\terraform_1.0.2_windows_amd64;C:\Program Files\jFrog;C:\Program Files\PuTTY\;C:\Users\Aarthi.P\Bin;C:\Program Files\Amazon\AWSCLIV2\;C:\Program Files\nodejs\;;C:\Program Files\Docker Toolbox"/>
    <property name="GIT_COMMIT" value="a40d23bf9638b539d31636aca52404f8055f797a"/>
    <property name="java.io.tmpdir" value="C:\Users\SRIHAR~1.S\AppData\Local\Temp\"/>
    <property name="APPDATA" value="C:\Users\Sriharish.S\AppData\Roaming"/>
    <property name="user.language" value="en"/>
    <property name="line.separator" value="
"/>
    <property name="BUILD_URL" value="http://localhost:8080/job/jenkins1/1/"/>
    <property name="DOCKER_CERT_PATH" value="C:\Users\Sriharish.S\.docker\machine\machines\default"/>
    <property name="M2_HOME" value="C:\Users\Sriharish.S\Downloads\apache-maven-3.8.6"/>
    <property name="=C:" value="C:\Users\Sriharish.S\Downloads"/>
    <property name="java.vm.info" value="mixed mode"/>
    <property name="sun.desktop" value="windows"/>
    <property name="java.vm.specification.name" value="Java Virtual Machine Specification"/>
    <property name="CI" value="true"/>
    <property name="BUILD_DISPLAY_NAME" value="#1"/>
    <property name="OS" value="Windows_NT"/>
    <property name="guice.disable.misplaced.annotation.check" value="true"/>
    <property name="C:\Program Files\nodejs" value="C:\Program Files\nodejs;C:\Program Files\Java\jdk1.8.0_172\bin;C:\Users\Sriharish.S\AppData\Local\Programs\Microsoft VS Code\bin"/>
    <property name="HUDSON_SERVER_COOKIE" value="7d8bb0c305923f65"/>
    <property name="WORKSPACE_TMP" value="C:\Users\Sriharish.S\.jenkins\workspace\jenkins1@tmp"/>
    <property name="MAVEN_HOME" value="C:\Users\Sriharish.S\Downloads\apache-maven-3.8.6"/>
    <property name="SESSIONNAME" value="Console"/>
    <property name="PATHEXT" value=".COM;.EXE;.BAT;.CMD;.VBS;.VBE;.JS;.JSE;.WSF;.WSH;.MSC"/>
    <property name="java.awt.printerjob" value="sun.awt.windows.WPrinterJob"/>
    <property name="maven3.interceptor.common" value="C:\Users\Sriharish.S\.jenkins\plugins\maven-plugin\WEB-INF\lib\maven3-interceptor-commons-1.13.jar"/>
    <property name="CLASSPATH" value=""/>
    <property name="jansi.mode" value="strip"/>
    <property name="HOMEPATH" value="\Users\Sriharish.S"/>
    <property name="os.name" value="Windows 8.1"/>
    <property name="java.specification.vendor" value="Oracle Corporation"/>
    <property name="FP_NO_HOST_CHECK" value="NO"/>
    <property name="java.vm.name" value="Java HotSpot(TM) 64-Bit Server VM"/>
    <property name="BUILD_NUMBER" value="1"/>
    <property name="ERLANG_HOME" value="C:\Program Files (x86)\erl-23.1"/>
    <property name="maven3.interceptor" value="C:\Users\Sriharish.S\.jenkins\plugins\maven-plugin\WEB-INF\lib\maven35-interceptor-1.13.jar"/>
    <property name="java.library.path" value="C:\Program Files\Java\jdk1.8.0_172\bin;C:\WINDOWS\Sun\Java\bin;C:\WINDOWS\system32;C:\WINDOWS;C:\Users\Sriharish.S\Downloads\apache-maven-3.8.6/bin;C:\Program Files\Java\jdk1.8.0_172/bin;C:\Program Files\Java\jdk1.8.0_172/bin;C:\Program Files (x86)\Common Files\Oracle\Java\javapath;C:\ProgramData\Oracle\Java\javapath;C:\Program Files (x86)\Intel\iCLS Client\;C:\Program Files\Intel\iCLS Client\;C:\WINDOWS\system32;C:\WINDOWS;C:\WINDOWS\System32\Wbem;C:\WINDOWS\System32\WindowsPowerShell\v1.0\;C:\Program Files\Intel\Intel(R) Management Engine Components\DAL;C:\Program Files\Intel\Intel(R) Management Engine Components\IPT;C:\Program Files (x86)\Intel\Intel(R) Management Engine Components\DAL;C:\Program Files (x86)\Intel\Intel(R) Management Engine Components\IPT;C:\Program Files (x86)\Windows Live\Shared;C:\Program Files\TortoiseSVN\bin;C:\Program Files\Git\cmd;C:\Program Files (x86)\terraform_1.0.2_windows_amd64;C:\Program Files\jFrog;C:\Program Files\PuTTY\;C:\Users\Aarthi.P\Bin;C:\Program Files\Amazon\AWSCLIV2\;C:\Program Files\nodejs\;;C:\Program Files\Docker Toolbox;."/>
    <property name="HOMEDRIVE" value="C:"/>
    <property name="java.class.version" value="52.0"/>
    <property name="JOB_URL" value="http://localhost:8080/job/jenkins1/"/>
    <property name="GIT_BRANCH" value="origin/main"/>
    <property name="RUN_DISPLAY_URL" value="http://localhost:8080/job/jenkins1/1/display/redirect"/>
    <property name="VBOX_MSI_INSTALL_PATH" value="C:\Program Files\Oracle\VirtualBox\"/>
    <property name="DOCKER_TLS_VERIFY" value="1"/>
    <property name="JENKINS_HOME" value="C:\Users\Sriharish.S\.jenkins"/>
    <property name="BUILD_ID" value="1"/>
    <property name="TEMP" value="C:\Users\SRIHAR~1.S\AppData\Local\Temp"/>
    <property name="sun.boot.library.path" value="C:\Program Files\Java\jdk1.8.0_172\jre\bin"/>
    <property name="sun.management.compiler" value="HotSpot 64-Bit Tiered Compilers"/>
    <property name="java.awt.graphicsenv" value="sun.awt.Win32GraphicsEnvironment"/>
    <property name="user.variant" value=""/>
    <property name="PROCESSOR_REVISION" value="3a09"/>
    <property name="HUDSON_HOME" value="C:\Users\Sriharish.S\.jenkins"/>
    <property name="ProgramFiles(x86)" value="C:\Program Files (x86)"/>
    <property name="PATH+MAVEN" value="C:\Users\Sriharish.S\Downloads\apache-maven-3.8.6/bin"/>
    <property name="USERDOMAIN_ROAMINGPROFILE" value="ALLFON"/>
    <property name="RUN_ARTIFACTS_DISPLAY_URL" value="http://localhost:8080/job/jenkins1/1/display/redirect?page=artifacts"/>
    <property name="PROMPT" value="$P$G"/>
    <property name="java.vm.specification.version" value="1.8"/>
    <property name="JAVA_HOME" value="C:\Program Files\Java\jdk1.8.0_172"/>
    <property name="awt.toolkit" value="sun.awt.windows.WToolkit"/>
    <property name="NODE_LABELS" value="master"/>
    <property name="sun.cpu.isalist" value="amd64"/>
    <property name="USERPROFILE" value="C:\Users\Sriharish.S"/>
    <property name="JOB_DISPLAY_URL" value="http://localhost:8080/job/jenkins1/display/redirect"/>
    <property name="java.ext.dirs" value="C:\Program Files\Java\jdk1.8.0_172\jre\lib\ext;C:\WINDOWS\Sun\Java\lib\ext"/>
    <property name="os.version" value="6.3"/>
    <property name="user.home" value="C:\Users\Sriharish.S"/>
    <property name="USERNAME" value="Sriharish.S"/>
    <property name="java.vm.vendor" value="Oracle Corporation"/>
    <property name="PROCESSOR_LEVEL" value="6"/>
    <property name="USERDNSDOMAIN" value="ALLFON.IN"/>
    <property name="CommonProgramW6432" value="C:\Program Files\Common Files"/>
    <property name="DOCKER_HOST" value="tcp://192.168.99.100:2376"/>
    <property name="user.dir" value="D:\training\MyPrograms2022\maven_jenkins"/>
    <property name="maven.conf" value="C:\Users\Sriharish.S\Downloads\apache-maven-3.8.6\conf"/>
    <property name="NO_PROXY" value="192.168.99.100"/>
    <property name="ProgramW6432" value="C:\Program Files"/>
    <property name="TMP" value="C:\Users\SRIHAR~1.S\AppData\Local\Temp"/>
    <property name="DOCKER_TOOLBOX_INSTALL_PATH" value="C:\Program Files\Docker Toolbox"/>
    <property name="sun.cpu.endian" value="little"/>
    <property name="SystemDrive" value="C:"/>
    <property name="java.vm.version" value="25.172-b11"/>
    <property name="java.class.path" value="C:\Users\Sriharish.S\.jenkins\plugins\maven-plugin\WEB-INF\lib\maven35-agent-1.13.jar;C:\Users\Sriharish.S\Downloads\apache-maven-3.8.6\boot\plexus-classworlds-2.6.0.jar;C:\Users\Sriharish.S\Downloads\apache-maven-3.8.6/conf/logging"/>
    <property name="org.slf4j.simpleLogger.defaultLogLevel" value="info"/>
    <property name="os.arch" value="amd64"/>
    <property name="WORKSPACE" value="C:\Users\Sriharish.S\.jenkins\workspace\jenkins1"/>
    <property name="ComSpec" value="C:\WINDOWS\system32\cmd.exe"/>
    <property name="RUN_TESTS_DISPLAY_URL" value="http://localhost:8080/job/jenkins1/1/display/redirect?page=tests"/>
    <property name="sun.java.launcher" value="SUN_STANDARD"/>
    <property name="SystemRoot" value="C:\WINDOWS"/>
    <property name="CommonProgramFiles" value="C:\Program Files\Common Files"/>
    <property name="java.vm.specification.vendor" value="Oracle Corporation"/>
    <property name="file.separator" value="\"/>
    <property name="java.runtime.version" value="1.8.0_172-b11"/>
    <property name="ProgramFiles" value="C:\Program Files"/>
    <property name="sun.boot.class.path" value="C:\Program Files\Java\jdk1.8.0_172\jre\lib\resources.jar;C:\Program Files\Java\jdk1.8.0_172\jre\lib\rt.jar;C:\Program Files\Java\jdk1.8.0_172\jre\lib\sunrsasign.jar;C:\Program Files\Java\jdk1.8.0_172\jre\lib\jsse.jar;C:\Program Files\Java\jdk1.8.0_172\jre\lib\jce.jar;C:\Program Files\Java\jdk1.8.0_172\jre\lib\charsets.jar;C:\Program Files\Java\jdk1.8.0_172\jre\lib\jfr.jar;C:\Program Files\Java\jdk1.8.0_172\jre\classes"/>
    <property name="DOCKER_MACHINE_NAME" value="default"/>
    <property name="PATH+JDK" value="C:\Program Files\Java\jdk1.8.0_172/bin"/>
    <property name="user.country" value="US"/>
    <property name="maven.home" value="C:\Users\Sriharish.S\Downloads\apache-maven-3.8.6"/>
    <property name="java.rmi.server.randomIDs" value="true"/>
    <property name="JOB_BASE_NAME" value="jenkins1"/>
    <property name="java.vendor" value="Oracle Corporation"/>
    <property name="java.specification.version" value="1.8"/>
    <property name="sun.arch.data.model" value="64"/>
    <property name="GIT_URL" value="https://github.com/Sriharish16/maven_with_jenkins.git"/>
  </properties>
  <testcase classname="org.example.maven_jenkins.AppTest" name="testApp" time="0.003"/>
</testsuite>